<?xml version="1.0" encoding="UTF-8"?>
<!-- Generated by org.testng.reporters.JUnitXMLReporter -->
<testsuite ignored="0" hostname="SM-SDC-DP-003" failures="0" tests="5" name="Default test" time="0.052" errors="0" timestamp="2025-06-21T17:30:19 IST">
  <testcase classname="testTestNG.LearnAttributes" name="placeorder" time="0.008"/>
  <testcase classname="testTestNG.LearnAttributes" name="login" time="0.001"/>
  <testcase classname="testTestNG.LearnAttributes" name="signup" time="0.001"/>
  <testcase classname="testTestNG.LearnAttributes" name="searchProduct" time="0.001"/>
  <testcase classname="testTestNG.LearnAttributes" name="addtocart" time="0.001"/>
</testsuite> <!-- Default test -->
