<?xml version="1.0" encoding="UTF-8"?>
<!-- Generated by org.testng.reporters.JUnitXMLReporter -->
<testsuite ignored="0" hostname="SM-SDC-DP-003" failures="1" tests="1" name="Test" time="0.751" errors="0" timestamp="2025-06-26T11:39:58 IST">
  <testcase classname="testTestNG.DataProviderMultipleData" name="multipleDataHandling" time="0.0">
    <failure type="java.lang.RuntimeException" message="java.lang.NullPointerException: Cannot invoke &amp;quot;org.apache.poi.xssf.usermodel.XSSFRow.getCell(int)&amp;quot; because &amp;quot;row&amp;quot; is null">
      <![CDATA[java.lang.RuntimeException: java.lang.NullPointerException: Cannot invoke "org.apache.poi.xssf.usermodel.XSSFRow.getCell(int)" because "row" is null
at java.base/java.util.ArrayList.forEach(ArrayList.java:1596)
Caused by: java.lang.NullPointerException: Cannot invoke "org.apache.poi.xssf.usermodel.XSSFRow.getCell(int)" because "row" is null
at excelData.getExcelData.ReadExcel(getExcelData.java:28)
at testTestNG.DataUtils.negativeLoginTestData(DataUtils.java:15)
... 25 more
... Removed 30 stack frames]]>
    </failure>
  </testcase> <!-- multipleDataHandling -->
</testsuite> <!-- Test -->
