<?xml version="1.0" encoding="UTF-8"?>
<testng-results ignored="0" total="5" passed="5" failed="0" skipped="0">
  <reporter-output>
  </reporter-output>
  <suite started-at="2025-06-21T17:30:19 IST" name="Default suite" finished-at="2025-06-21T17:30:19 IST" duration-ms="52">
    <groups>
    </groups>
    <test started-at="2025-06-21T17:30:19 IST" name="Default test" finished-at="2025-06-21T17:30:19 IST" duration-ms="52">
      <class name="testTestNG.LearnAttributes">
        <test-method signature="placeorder()[pri:-5, instance:testTestNG.LearnAttributes@478190fc]" started-at="2025-06-21T17:30:19 IST" name="placeorder" finished-at="2025-06-21T17:30:19 IST" duration-ms="8" status="PASS">
          <reporter-output>
          </reporter-output>
        </test-method> <!-- placeorder -->
        <test-method signature="login()[pri:1, instance:testTestNG.LearnAttributes@478190fc]" started-at="2025-06-21T17:30:19 IST" name="login" finished-at="2025-06-21T17:30:19 IST" duration-ms="1" status="PASS">
          <reporter-output>
          </reporter-output>
        </test-method> <!-- login -->
        <test-method signature="signup()[pri:2, instance:testTestNG.LearnAttributes@478190fc]" started-at="2025-06-21T17:30:19 IST" name="signup" finished-at="2025-06-21T17:30:19 IST" duration-ms="1" status="PASS">
          <reporter-output>
          </reporter-output>
        </test-method> <!-- signup -->
        <test-method signature="searchProduct()[pri:3, instance:testTestNG.LearnAttributes@478190fc]" started-at="2025-06-21T17:30:19 IST" name="searchProduct" finished-at="2025-06-21T17:30:19 IST" duration-ms="1" status="PASS">
          <reporter-output>
          </reporter-output>
        </test-method> <!-- searchProduct -->
        <test-method signature="addtocart()[pri:4, instance:testTestNG.LearnAttributes@478190fc]" started-at="2025-06-21T17:30:19 IST" name="addtocart" finished-at="2025-06-21T17:30:19 IST" duration-ms="1" status="PASS">
          <reporter-output>
          </reporter-output>
        </test-method> <!-- addtocart -->
      </class> <!-- testTestNG.LearnAttributes -->
    </test> <!-- Default test -->
  </suite> <!-- Default suite -->
</testng-results>
