<?xml version="1.0" encoding="UTF-8"?>
<!-- Generated by org.testng.reporters.JUnitReportReporter -->
<testsuite hostname="SM-SDC-DP-003" failures="0" tests="1" name="testTestNG.interactwithelement" time="5.019" errors="1" timestamp="2025-06-23T15:35:34 IST" skipped="0">
  <testcase classname="testTestNG.interactwithelement" name="RunningatestMoreTimes" time="5.019">
    <error message="Method testTestNG.interactwithelement.RunningatestMoreTimes() didn&#039;t finish within the time-out 5000" type="org.testng.internal.thread.ThreadTimeoutException">
      <![CDATA[org.testng.internal.thread.ThreadTimeoutException: Method testTestNG.interactwithelement.RunningatestMoreTimes() didn't finish within the time-out 5000
at java.base/jdk.internal.misc.Unsafe.park(Native Method)
at java.base/java.util.concurrent.locks.LockSupport.parkNanos(LockSupport.java:269)
at java.base/java.util.concurrent.CompletableFuture$Signaller.block(CompletableFuture.java:1866)
at java.base/java.util.concurrent.ForkJoinPool.unmanagedBlock(ForkJoinPool.java:3780)
at java.base/java.util.concurrent.ForkJoinPool.managedBlock(ForkJoinPool.java:3725)
at java.base/java.util.concurrent.CompletableFuture.timedGet(CompletableFuture.java:1939)
at java.base/java.util.concurrent.CompletableFuture.get(CompletableFuture.java:2095)
at org.openqa.selenium.remote.http.jdk.JdkHttpClient.execute0(JdkHttpClient.java:379)
at org.openqa.selenium.remote.http.AddSeleniumUserAgent.lambda$apply$0(AddSeleniumUserAgent.java:42)
at org.openqa.selenium.remote.http.Filter.lambda$andFinally$1(Filter.java:55)
at org.openqa.selenium.remote.http.jdk.JdkHttpClient.execute(JdkHttpClient.java:352)
at org.openqa.selenium.remote.HttpCommandExecutor.execute(HttpCommandExecutor.java:187)
at org.openqa.selenium.remote.service.DriverCommandExecutor.invokeExecute(DriverCommandExecutor.java:216)
at org.openqa.selenium.remote.service.DriverCommandExecutor.execute(DriverCommandExecutor.java:174)
at org.openqa.selenium.remote.RemoteWebDriver.execute(RemoteWebDriver.java:518)
at org.openqa.selenium.remote.RemoteWebDriver.get(RemoteWebDriver.java:300)
at OpenBrowser.Utils.WaitUtils.openBrowser(WaitUtils.java:40)
at testTestNG.interactwithelement.RunningatestMoreTimes(interactwithelement.java:22)
at java.base/jdk.internal.reflect.DirectMethodHandleAccessor.invoke(DirectMethodHandleAccessor.java:103)
at java.base/java.lang.reflect.Method.invoke(Method.java:580)
at org.testng.internal.invokers.MethodInvocationHelper.invokeMethod(MethodInvocationHelper.java:139)
at org.testng.internal.invokers.InvokeMethodRunnable.runOne(InvokeMethodRunnable.java:47)
at org.testng.internal.invokers.InvokeMethodRunnable.call(InvokeMethodRunnable.java:73)
at org.testng.internal.invokers.InvokeMethodRunnable.call(InvokeMethodRunnable.java:11)
at java.base/java.util.concurrent.FutureTask.run(FutureTask.java:317)
at java.base/java.util.concurrent.ThreadPoolExecutor.runWorker(ThreadPoolExecutor.java:1144)
at java.base/java.util.concurrent.ThreadPoolExecutor$Worker.run(ThreadPoolExecutor.java:642)
at java.base/java.lang.Thread.run(Thread.java:1583)
]]>
    </error>
  </testcase> <!-- RunningatestMoreTimes -->
</testsuite> <!-- testTestNG.interactwithelement -->
