<?xml version="1.0" encoding="UTF-8"?>
<!-- Generated by org.testng.reporters.JUnitReportReporter -->
<testsuite hostname="SM-SDC-DP-003" failures="0" tests="2" name="testTestNG.Parameter_annotation" time="12.538" errors="0" timestamp="2025-06-24T16:03:02 IST" skipped="0">
  <testcase classname="testTestNG.Parameter_annotation" name="data_handling_from_XML" time="7.541"/>
  <testcase classname="testTestNG.Parameter_annotation" name="data_handling_from_XML" time="4.997"/>
</testsuite> <!-- testTestNG.Parameter_annotation -->
