<?xml version="1.0" encoding="UTF-8"?>
<!-- Generated by org.testng.reporters.JUnitReportReporter -->
<testsuite hostname="SM-SDC-DP-003" failures="0" tests="2" name="testTestNG.ExcelHandling.LoginTest" time="20.640" errors="0" timestamp="2025-06-26T12:11:12 IST" skipped="0">
  <testcase classname="testTestNG.ExcelHandling.LoginTest" name="testLogin" time="9.086"/>
  <testcase classname="testTestNG.ExcelHandling.LoginTest" name="testLogin" time="11.554"/>
</testsuite> <!-- testTestNG.ExcelHandling.LoginTest -->
