<?xml version="1.0" encoding="UTF-8"?>
<!-- Generated by org.testng.reporters.JUnitReportReporter -->
<testsuite hostname="SM-SDC-DP-003" failures="0" tests="5" name="testTestNG.LearnAttributes" time="0.012" errors="0" timestamp="2025-06-21T17:30:19 IST" skipped="0">
  <testcase classname="testTestNG.LearnAttributes" name="placeorder" time="0.008"/>
  <testcase classname="testTestNG.LearnAttributes" name="login" time="0.001"/>
  <testcase classname="testTestNG.LearnAttributes" name="signup" time="0.001"/>
  <testcase classname="testTestNG.LearnAttributes" name="searchProduct" time="0.001"/>
  <testcase classname="testTestNG.LearnAttributes" name="addtocart" time="0.001"/>
</testsuite> <!-- testTestNG.LearnAttributes -->
