<?xml version="1.0" encoding="UTF-8"?>
<!-- Generated by org.testng.reporters.JUnitReportReporter -->
<testsuite hostname="SM-SDC-DP-003" failures="0" tests="5" name="testTestNG.ThreadPoolSize" time="12.705" errors="0" timestamp="2025-06-23T18:46:22 IST" skipped="0">
  <testcase classname="testTestNG.ThreadPoolSize" name="expectedConditions" time="0.001"/>
  <testcase classname="testTestNG.ThreadPoolSize" name="ExampleThreadPoolSize" time="4.249"/>
  <testcase classname="testTestNG.ThreadPoolSize" name="ExampleThreadPoolSize" time="4.219"/>
  <testcase classname="testTestNG.ThreadPoolSize" name="TimeoutExample" time="0.003"/>
  <testcase classname="testTestNG.ThreadPoolSize" name="ExampleThreadPoolSize" time="4.233"/>
</testsuite> <!-- testTestNG.ThreadPoolSize -->
