<?xml version="1.0" encoding="UTF-8"?>
<!-- Generated by org.testng.reporters.JUnitReportReporter -->
<testsuite hostname="SM-SDC-DP-003" failures="0" tests="2" name="testTestNG.Atttribute_groups" time="0.012" errors="0" timestamp="2025-06-24T15:13:47 IST" skipped="0">
  <testcase classname="testTestNG.Atttribute_groups" name="searchProduct" time="0.001"/>
  <testcase classname="testTestNG.Atttribute_groups" name="researchProduct" time="0.011"/>
</testsuite> <!-- testTestNG.Atttribute_groups -->
